D:\Crop> python .\train.py
Augmenting Positive images...
100%|█████████████████████████████████████████████████████████████████████████████| 3897/3897 [00:14<00:00, 276.15it/s]
Done
Augmenting Negative images...
100%|████████████████████████████████████████████████████████████████████████████████| 395/395 [00:39<00:00, 10.07it/s]
Done
Creating paper.info
100%|███████████████████████████████████████████████████████████████████████████| 7794/7794 [00:00<00:00, 71259.12it/s]
Creating bg.txt
100%|████████████████████████████████████████████████████████████████████████████████████████| 790/790 [00:00<?, ?it/s]
Info file name: output/paper.info
Img file name: (NULL)
Vec file name: output/paper.vec
BG  file name: (NULL)
Num: 7794
BG color: 0
BG threshold: 80
Invert: FALSE
Max intensity deviation: 40
Max x angle: 1.1
Max y angle: 1.1
Max z angle: 0.5
Show samples: FALSE
Width: 20
Height: 20
Max Scale: -1
RNG Seed: 12345
Create training samples from images collection...
Done. Created 7794 samples
PARAMETERS:
cascadeDirName: output/data
vecFileName: output/paper.vec
bgFileName: output/bg.txt
numPos: 6235
numNeg: 7794
numStages: 14
precalcValBufSize[Mb] : 1024
precalcIdxBufSize[Mb] : 1024
acceptanceRatioBreakValue : -1
stageType: BOOST
featureType: HAAR
sampleWidth: 20
sampleHeight: 20
boostType: RAB
minHitRate: 0.995
maxFalseAlarmRate: 0.5
weightTrimRate: 0.95
maxDepth: 1
maxWeakCount: 100
mode: BASIC
Number of unique features given windowSize [20,20] : 78460

===== TRAINING 0-stage =====
<BEGIN
POS count : consumed   6235 : 6235
NEG count : acceptanceRatio    7794 : 1
Precalculation time: 24.096
+----+---------+---------+
|  N |    HR   |    FA   |
+----+---------+---------+
|   1|        1|        1|
+----+---------+---------+
|   2|  0.99583| 0.547472|
+----+---------+---------+
|   3|  0.99583| 0.547472|
+----+---------+---------+
|   4| 0.998877| 0.568258|
+----+---------+---------+
|   5| 0.995349| 0.401591|
+----+---------+---------+
END>
Training until now has taken 0 days 0 hours 6 minutes 33 seconds.

===== TRAINING 1-stage =====
<BEGIN
POS count : consumed   6235 : 6264
NEG count : acceptanceRatio    7794 : 0.408148
Precalculation time: 23.636
+----+---------+---------+
|  N |    HR   |    FA   |
+----+---------+---------+
|   1|        1|        1|
+----+---------+---------+
|   2|        1|        1|
+----+---------+---------+
|   3| 0.999038| 0.733128|
+----+---------+---------+
|   4| 0.995188| 0.494226|
+----+---------+---------+
END>
Training until now has taken 0 days 0 hours 12 minutes 6 seconds.

===== TRAINING 2-stage =====
<BEGIN
POS count : consumed   6235 : 6294
NEG count : acceptanceRatio    7794 : 0.154846
Precalculation time: 23.665
+----+---------+---------+
|  N |    HR   |    FA   |
+----+---------+---------+
|   1|        1|        1|
+----+---------+---------+
|   2| 0.997915| 0.720939|
+----+---------+---------+
|   3| 0.998075| 0.763536|
+----+---------+---------+
|   4| 0.995028| 0.593405|
+----+---------+---------+
|   5| 0.995028| 0.572107|
+----+---------+---------+
|   6| 0.995509| 0.610726|
+----+---------+---------+
|   7| 0.995028| 0.530151|
+----+---------+---------+
|   8| 0.997594| 0.612651|
+----+---------+---------+
|   9| 0.995188| 0.526687|
+----+---------+---------+
|  10| 0.997434|  0.43341|
+----+---------+---------+
END>
Training until now has taken 0 days 0 hours 24 minutes 41 seconds.

===== TRAINING 3-stage =====
<BEGIN
POS count : consumed   6235 : 6310
NEG count : acceptanceRatio    7794 : 0.186629
Precalculation time: 23.534
+----+---------+---------+
|  N |    HR   |    FA   |
+----+---------+---------+
|   1|        1|        1|
+----+---------+---------+
|   2|        1|        1|
+----+---------+---------+
|   3|        1| 0.999102|
+----+---------+---------+
|   4| 0.998717| 0.801386|
+----+---------+---------+
|   5| 0.998396| 0.809084|
+----+---------+---------+
|   6| 0.997755| 0.702335|
+----+---------+---------+
|   7| 0.997755| 0.714267|
+----+---------+---------+
|   8| 0.997755| 0.734026|
+----+---------+---------+
|   9| 0.996792|  0.66718|
+----+---------+---------+
|  10| 0.995028| 0.594945|
+----+---------+---------+
|  11| 0.996311| 0.597896|
+----+---------+---------+
|  12|  0.99583| 0.532204|
+----+---------+---------+
|  13| 0.995028| 0.530665|
+----+---------+---------+
|  14| 0.995028|  0.48563|
+----+---------+---------+
END>
Training until now has taken 0 days 0 hours 42 minutes 21 seconds.

===== TRAINING 4-stage =====
<BEGIN
POS count : consumed   6235 : 6341
NEG count : acceptanceRatio    7794 : 0.0737356
Precalculation time: 23.987
+----+---------+---------+
|  N |    HR   |    FA   |
+----+---------+---------+
|   1|        1|        1|
+----+---------+---------+
|   2|        1|        1|
+----+---------+---------+
|   3|        1|        1|
+----+---------+---------+
|   4|        1|        1|
+----+---------+---------+
|   5|        1|        1|
+----+---------+---------+
|   6|        1|        1|
+----+---------+---------+
|   7| 0.997915| 0.904029|
+----+---------+---------+
|   8| 0.995188| 0.742751|
+----+---------+---------+
|   9| 0.995349| 0.722864|
+----+---------+---------+
|  10| 0.995188| 0.718373|
+----+---------+---------+
|  11| 0.995028|  0.65204|
+----+---------+---------+
|  12| 0.995028| 0.665255|
+----+---------+---------+
|  13| 0.995509| 0.620991|
+----+---------+---------+
|  14| 0.995028|  0.57108|
+----+---------+---------+
|  15| 0.995028| 0.552605|
+----+---------+---------+
|  16| 0.995028| 0.499358|
+----+---------+---------+
END>
Training until now has taken 0 days 1 hours 3 minutes 26 seconds.

===== TRAINING 5-stage =====
<BEGIN
POS count : consumed   6235 : 6372
NEG count : acceptanceRatio    7794 : 0.0378995
Precalculation time: 23.834
+----+---------+---------+
|  N |    HR   |    FA   |
+----+---------+---------+
|   1|        1|        1|
+----+---------+---------+
|   2|        1|        1|
+----+---------+---------+
|   3|        1|        1|
+----+---------+---------+
|   4|        1|        1|
+----+---------+---------+
|   5|        1|        1|
+----+---------+---------+
|   6|        1|        1|
+----+---------+---------+
|   7|        1|        1|
+----+---------+---------+
|   8|        1|        1|
+----+---------+---------+
|   9|        1|        1|
+----+---------+---------+
|  10| 0.996472| 0.396202|
+----+---------+---------+
END>
Training until now has taken 0 days 1 hours 17 minutes 43 seconds.

===== TRAINING 6-stage =====
<BEGIN
POS count : consumed   6235 : 6394
NEG count : acceptanceRatio    7794 : 0.0225659
Precalculation time: 24.535
+----+---------+---------+
|  N |    HR   |    FA   |
+----+---------+---------+
|   1|        1|        1|
+----+---------+---------+
|   2|        1|        1|
+----+---------+---------+
|   3| 0.997273| 0.946497|
+----+---------+---------+
|   4| 0.998557| 0.952399|
+----+---------+---------+
|   5| 0.996311| 0.891455|
+----+---------+---------+
|   6| 0.996632| 0.895689|
+----+---------+---------+
|   7| 0.997434| 0.910187|
+----+---------+---------+
|   8| 0.997755| 0.918655|
+----+---------+---------+
|   9| 0.996792| 0.826533|
+----+---------+---------+
|  10| 0.995509| 0.756479|
+----+---------+---------+
|  11| 0.995349| 0.691943|
+----+---------+---------+
|  12| 0.995509| 0.671157|
+----+---------+---------+
|  13| 0.995188| 0.669489|
+----+---------+---------+
|  14| 0.995188| 0.674878|
+----+---------+---------+
|  15| 0.995509| 0.682448|
+----+---------+---------+
|  16| 0.995188| 0.669874|
+----+---------+---------+
|  17| 0.995188| 0.612651|
+----+---------+---------+
|  18| 0.995188| 0.597254|
+----+---------+---------+
|  19| 0.995188| 0.584167|
+----+---------+---------+
|  20| 0.995349| 0.569412|
+----+---------+---------+
|  21| 0.995028| 0.564793|
+----+---------+---------+
|  22| 0.995349| 0.497177|
+----+---------+---------+
END>
Training until now has taken 0 days 1 hours 46 minutes 19 seconds.

===== TRAINING 7-stage =====
<BEGIN
POS count : consumed   6235 : 6423
NEG count : acceptanceRatio    7794 : 0.0115849
Precalculation time: 22.953
+----+---------+---------+
|  N |    HR   |    FA   |
+----+---------+---------+
|   1|        1|        1|
+----+---------+---------+
|   2|        1|        1|
+----+---------+---------+
|   3|        1|        1|
+----+---------+---------+
|   4|        1|        1|
+----+---------+---------+
|   5| 0.995028|  0.94932|
+----+---------+---------+
|   6| 0.999519| 0.955607|
+----+---------+---------+
|   7| 0.995188| 0.922761|
+----+---------+---------+
|   8| 0.995188| 0.906595|
+----+---------+---------+
|   9| 0.995028| 0.845137|
+----+---------+---------+
|  10| 0.995188| 0.832179|
+----+---------+---------+
|  11| 0.995188| 0.811008|
+----+---------+---------+
|  12| 0.995028| 0.795997|
+----+---------+---------+
|  13| 0.995188| 0.749166|
+----+---------+---------+
|  14| 0.995028|  0.73223|
+----+---------+---------+
|  15| 0.995188| 0.701694|
+----+---------+---------+
|  16| 0.995188| 0.725302|
+----+---------+---------+
|  17| 0.995028| 0.691173|
+----+---------+---------+
|  18| 0.995188| 0.680267|
+----+---------+---------+
|  19| 0.995028| 0.674108|
+----+---------+---------+
|  20| 0.995188| 0.648191|
+----+---------+---------+
|  21| 0.995028| 0.629459|
+----+---------+---------+
|  22| 0.995188| 0.615089|
+----+---------+---------+
|  23| 0.995028| 0.613421|
+----+---------+---------+
|  24| 0.995028| 0.599307|
+----+---------+---------+
|  25| 0.995028| 0.553503|
+----+---------+---------+
|  26| 0.995188| 0.495894|
+----+---------+---------+
END>
Training until now has taken 0 days 2 hours 19 minutes 8 seconds.

===== TRAINING 8-stage =====
<BEGIN
POS count : consumed   6235 : 6453
NEG count : acceptanceRatio    7794 : 0.00618782
Precalculation time: 23.531
+----+---------+---------+
|  N |    HR   |    FA   |
+----+---------+---------+
|   1|        1|        1|
+----+---------+---------+
|   2|        1|        1|
+----+---------+---------+
|   3|        1|        1|
+----+---------+---------+
|   4|  0.99583| 0.930716|
+----+---------+---------+
|   5| 0.997594| 0.953169|
+----+---------+---------+
|   6| 0.996151| 0.904799|
+----+---------+---------+
|   7| 0.996792| 0.926354|
+----+---------+---------+
|   8| 0.997755| 0.943418|
+----+---------+---------+
|   9| 0.995349| 0.954067|
+----+---------+---------+
|  10| 0.995188| 0.900308|
+----+---------+---------+
|  11| 0.995028| 0.908391|
+----+---------+---------+
|  12| 0.995028| 0.887734|
+----+---------+---------+
|  13| 0.995188| 0.907365|
+----+---------+---------+
|  14| 0.995509| 0.902874|
+----+---------+---------+
|  15| 0.995188| 0.852322|
+----+---------+---------+
|  16| 0.995028| 0.824737|
+----+---------+---------+
|  17| 0.995188| 0.814216|
+----+---------+---------+
|  18| 0.995188| 0.792789|
+----+---------+---------+
|  19| 0.995028| 0.775212|
+----+---------+---------+
|  20| 0.995188| 0.776495|
+----+---------+---------+
|  21| 0.995028| 0.732743|
+----+---------+---------+
|  22| 0.995028| 0.729792|
+----+---------+---------+
|  23| 0.995188|  0.67552|
+----+---------+---------+
|  24| 0.995028| 0.615602|
+----+---------+---------+
|  25| 0.995028| 0.622658|
+----+---------+---------+
|  26| 0.995028| 0.615473|
+----+---------+---------+
|  27| 0.995028|  0.57108|
+----+---------+---------+
|  28| 0.995028| 0.554529|
+----+---------+---------+
|  29| 0.995188| 0.552476|
+----+---------+---------+
|  30| 0.995028| 0.564152|
+----+---------+---------+
|  31| 0.995028| 0.536695|
+----+---------+---------+
|  32| 0.995028| 0.530665|
+----+---------+---------+
|  33| 0.995028| 0.517963|
+----+---------+---------+
|  34| 0.995028| 0.471645|
+----+---------+---------+
END>
Training until now has taken 0 days 3 hours 2 minutes 48 seconds.

===== TRAINING 9-stage =====
<BEGIN
POS count : consumed   6235 : 6484
NEG count : acceptanceRatio    7794 : 0.00332939
Precalculation time: 25.173
+----+---------+---------+
|  N |    HR   |    FA   |
+----+---------+---------+
|   1|        1|        1|
+----+---------+---------+
|   2|        1|        1|
+----+---------+---------+
|   3|        1|        1|
+----+---------+---------+
|   4|        1|        1|
+----+---------+---------+
|   5|        1|        1|
+----+---------+---------+
|   6| 0.998236| 0.978188|
+----+---------+---------+
|   7| 0.997113| 0.946754|
+----+---------+---------+
|   8|  0.99567| 0.879651|
+----+---------+---------+
|   9| 0.995028| 0.848858|
+----+---------+---------+
|  10|  0.99599| 0.865538|
+----+---------+---------+
|  11| 0.995349| 0.837696|
+----+---------+---------+
|  12| 0.995028| 0.820246|
+----+---------+---------+
|  13| 0.995028| 0.826277|
+----+---------+---------+
|  14| 0.995509| 0.845779|
+----+---------+---------+
|  15| 0.995028| 0.813318|
+----+---------+---------+
|  16| 0.995188| 0.851296|
+----+---------+---------+
|  17| 0.995028| 0.809212|
+----+---------+---------+
|  18| 0.995188| 0.828843|
+----+---------+---------+
|  19| 0.995028| 0.783423|
+----+---------+---------+
|  20| 0.995028| 0.758404|
+----+---------+---------+
|  21| 0.995028| 0.724788|
+----+---------+---------+
|  22| 0.995028| 0.683474|
+----+---------+---------+
|  23| 0.995028| 0.709392|
+----+---------+---------+
|  24| 0.995028| 0.702079|
+----+---------+---------+
|  25| 0.995028| 0.706954|
+----+---------+---------+
|  26| 0.995188| 0.698743|
+----+---------+---------+
|  27| 0.995188| 0.655376|
+----+---------+---------+
|  28| 0.995028| 0.659353|
+----+---------+---------+
|  29| 0.995188| 0.598794|
+----+---------+---------+
|  30| 0.995188| 0.593405|
+----+---------+---------+
|  31| 0.995188| 0.620349|
+----+---------+---------+
|  32| 0.995028| 0.600205|
+----+---------+---------+
|  33| 0.995028|  0.57788|
+----+---------+---------+
|  34| 0.995028| 0.554016|
+----+---------+---------+
|  35| 0.995028| 0.517578|
+----+---------+---------+
|  36| 0.995028| 0.566076|
+----+---------+---------+
|  37| 0.995188| 0.513985|
+----+---------+---------+
|  38| 0.995188|  0.49243|
+----+---------+---------+
END>
Training until now has taken 0 days 3 hours 50 minutes 16 seconds.

===== TRAINING 10-stage =====
<BEGIN
POS count : consumed   6235 : 6514
NEG count : acceptanceRatio    7794 : 0.00168174
Precalculation time: 23.183
+----+---------+---------+
|  N |    HR   |    FA   |
+----+---------+---------+
|   1|        1|        1|
+----+---------+---------+
|   2|        1|        1|
+----+---------+---------+
|   3|        1|        1|
+----+---------+---------+
|   4| 0.997755| 0.967667|
+----+---------+---------+
|   5| 0.997755| 0.967667|
+----+---------+---------+
|   6|  0.99567| 0.924557|
+----+---------+---------+
|   7| 0.997113| 0.929176|
+----+---------+---------+
|   8|  0.99583| 0.909033|
+----+---------+---------+
|   9| 0.995188| 0.889915|
+----+---------+---------+
|  10|  0.99583|  0.90018|
+----+---------+---------+
|  11| 0.995028|  0.85476|
+----+---------+---------+
|  12| 0.995028| 0.830767|
+----+---------+---------+
|  13| 0.995028|  0.84873|
+----+---------+---------+
|  14| 0.995188| 0.823326|
+----+---------+---------+
|  15| 0.995028| 0.828971|
+----+---------+---------+
|  16| 0.995188| 0.806005|
+----+---------+---------+
|  17| 0.995188| 0.804722|
+----+---------+---------+
|  18| 0.995188| 0.805748|
+----+---------+---------+
|  19| 0.995509| 0.788555|
+----+---------+---------+
|  20| 0.995028| 0.790865|
+----+---------+---------+
|  21| 0.995028| 0.748524|
+----+---------+---------+
|  22| 0.995028|  0.74583|
+----+---------+---------+
|  23| 0.995028| 0.766102|
+----+---------+---------+
|  24| 0.995188| 0.730049|
+----+---------+---------+
|  25| 0.995188| 0.781755|
+----+---------+---------+
|  26| 0.995188| 0.730819|
+----+---------+---------+
|  27| 0.995188| 0.698871|
+----+---------+---------+
|  28| 0.995188| 0.725686|
+----+---------+---------+
|  29| 0.995028|  0.73903|
+----+---------+---------+
|  30| 0.995188| 0.726841|
+----+---------+---------+
|  31| 0.995188| 0.689248|
+----+---------+---------+
|  32| 0.995028| 0.644085|
+----+---------+---------+
|  33| 0.995028| 0.605979|
+----+---------+---------+
|  34| 0.995028| 0.579163|
+----+---------+---------+
|  35| 0.995188|  0.57942|
+----+---------+---------+
|  36| 0.995028| 0.550937|
+----+---------+---------+
|  37| 0.995028| 0.515396|
+----+---------+---------+
|  38| 0.995028| 0.491917|
+----+---------+---------+
END>
Training until now has taken 0 days 4 hours 37 minutes 3 seconds.

===== TRAINING 11-stage =====
<BEGIN
POS count : consumed   6235 : 6555
NEG count : acceptanceRatio    7794 : 0.000867512
Precalculation time: 23.223
+----+---------+---------+
|  N |    HR   |    FA   |
+----+---------+---------+
|   1|        1|        1|
+----+---------+---------+
|   2|        1|        1|
+----+---------+---------+
|   3| 0.996792| 0.974981|
+----+---------+---------+
|   4| 0.996792| 0.974981|
+----+---------+---------+
|   5| 0.999519| 0.996536|
+----+---------+---------+
|   6| 0.999519| 0.996536|
+----+---------+---------+
|   7| 0.999519| 0.996536|
+----+---------+---------+
|   8| 0.996792| 0.955222|
+----+---------+---------+
|   9| 0.995028| 0.898768|
+----+---------+---------+
|  10| 0.995509| 0.910059|
+----+---------+---------+
|  11| 0.995349| 0.889659|
+----+---------+---------+
|  12| 0.995509|  0.85399|
+----+---------+---------+
|  13| 0.996632| 0.855273|
+----+---------+---------+
|  14| 0.995188| 0.831537|
+----+---------+---------+
|  15| 0.995028|  0.80562|
+----+---------+---------+
|  16|  0.99567| 0.769951|
+----+---------+---------+
|  17| 0.995188| 0.763921|
+----+---------+---------+
|  18|  0.99583| 0.792019|
+----+---------+---------+
|  19| 0.995028| 0.783295|
+----+---------+---------+
|  20|  0.99567|  0.78817|
+----+---------+---------+
|  21| 0.995188| 0.753272|
+----+---------+---------+
|  22|  0.99583| 0.778548|
+----+---------+---------+
|  23| 0.995188| 0.738517|
+----+---------+---------+
|  24| 0.995028| 0.704773|
+----+---------+---------+
|  25| 0.995028| 0.684758|
+----+---------+---------+
|  26| 0.995028| 0.682448|
+----+---------+---------+
|  27| 0.995028| 0.664101|
+----+---------+---------+
|  28| 0.995028| 0.659225|
+----+---------+---------+
|  29| 0.995028| 0.658455|
+----+---------+---------+
|  30| 0.995188| 0.647293|
+----+---------+---------+
|  31| 0.995188|  0.64678|
+----+---------+---------+
|  32| 0.995028| 0.599564|
+----+---------+---------+
|  33| 0.995028| 0.576982|
+----+---------+---------+
|  34| 0.995028|  0.58468|
+----+---------+---------+
|  35| 0.995028| 0.560816|
+----+---------+---------+
|  36| 0.995028| 0.560559|
+----+---------+---------+
|  37| 0.995028| 0.545933|
+----+---------+---------+
|  38| 0.995028| 0.538491|
+----+---------+---------+
|  39| 0.995028| 0.535668|
+----+---------+---------+
|  40| 0.995188| 0.519502|
+----+---------+---------+
|  41| 0.995028| 0.514883|
+----+---------+---------+
|  42| 0.995028| 0.487683|
+----+---------+---------+
END>
Training until now has taken 0 days 5 hours 28 minutes 41 seconds.

===== TRAINING 12-stage =====
<BEGIN
POS count : consumed   6235 : 6606
NEG count : acceptanceRatio    7794 : 0.000446554
Precalculation time: 23.04
+----+---------+---------+
|  N |    HR   |    FA   |
+----+---------+---------+
|   1|        1|        1|
+----+---------+---------+
|   2|        1|        1|
+----+---------+---------+
|   3|        1|        1|
+----+---------+---------+
|   4|        1|        1|
+----+---------+---------+
|   5| 0.997755| 0.978188|
+----+---------+---------+
|   6| 0.995349| 0.966513|
+----+---------+---------+
|   7|  0.99599|  0.97049|
+----+---------+---------+
|   8| 0.996632| 0.934693|
+----+---------+---------+
|   9| 0.997594|  0.93495|
+----+---------+---------+
|  10| 0.998075| 0.937003|
+----+---------+---------+
|  11| 0.995028| 0.931614|
+----+---------+---------+
|  12|  0.99567| 0.881062|
+----+---------+---------+
|  13|  0.99599|  0.89261|
+----+---------+---------+
|  14| 0.995028| 0.892096|
+----+---------+---------+
|  15| 0.996632| 0.879779|
+----+---------+---------+
|  16| 0.995188| 0.813703|
+----+---------+---------+
|  17|  0.99583|  0.81999|
+----+---------+---------+
|  18| 0.995028| 0.803823|
+----+---------+---------+
|  19| 0.995028| 0.784578|
+----+---------+---------+
|  20| 0.995028| 0.780472|
+----+---------+---------+
|  21| 0.995028| 0.751347|
+----+---------+---------+
|  22| 0.995028| 0.720811|
+----+---------+---------+
|  23| 0.995028| 0.719271|
+----+---------+---------+
|  24| 0.995188| 0.724147|
+----+---------+---------+
|  25| 0.995028| 0.726713|
+----+---------+---------+
|  26| 0.995028| 0.722351|
+----+---------+---------+
|  27| 0.995028| 0.707467|
+----+---------+---------+
|  28| 0.995188| 0.709264|
+----+---------+---------+
|  29| 0.995188| 0.704131|
+----+---------+---------+
|  30| 0.995028| 0.714139|
+----+---------+---------+
|  31| 0.995028| 0.637542|
+----+---------+---------+
|  32| 0.995028|  0.68001|
+----+---------+---------+
|  33| 0.995188| 0.661406|
+----+---------+---------+
|  34| 0.995188| 0.648063|
+----+---------+---------+
|  35| 0.995028| 0.627791|
+----+---------+---------+
|  36| 0.995028|  0.60816|
+----+---------+---------+
|  37| 0.995028| 0.588401|
+----+---------+---------+
|  38| 0.995028| 0.566846|
+----+---------+---------+
|  39| 0.995028| 0.526944|
+----+---------+---------+
|  40| 0.995028| 0.545933|
+----+---------+---------+
|  41| 0.995028| 0.558763|
+----+---------+---------+
|  42| 0.995028| 0.526431|
+----+---------+---------+
|  43| 0.995028| 0.499487|
+----+---------+---------+
END>
Training until now has taken 0 days 6 hours 23 minutes 1 seconds.

===== TRAINING 13-stage =====
<BEGIN
POS count : consumed   6235 : 6669
NEG count : acceptanceRatio    7794 : 0.000298075
Precalculation time: 23.038
+----+---------+---------+
|  N |    HR   |    FA   |
+----+---------+---------+
|   1|        1|        1|
+----+---------+---------+
|   2|        1|        1|
+----+---------+---------+
|   3|        1|        1|
+----+---------+---------+
|   4| 0.997915| 0.944701|
+----+---------+---------+
|   5| 0.995188| 0.900051|
+----+---------+---------+
|   6| 0.995509| 0.900051|
+----+---------+---------+
|   7| 0.995188|  0.91224|
+----+---------+---------+
|   8|  0.99583| 0.896459|
+----+---------+---------+
|   9|  0.99583| 0.879651|
+----+---------+---------+
|  10| 0.995349| 0.852066|
+----+---------+---------+
|  11| 0.995188| 0.842058|
+----+---------+---------+
|  12| 0.995188| 0.843598|
+----+---------+---------+
|  13| 0.995509|  0.88273|
+----+---------+---------+
|  14| 0.995509| 0.851809|
+----+---------+---------+
|  15| 0.995028| 0.812548|
+----+---------+---------+
|  16| 0.995509| 0.827046|
+----+---------+---------+
|  17| 0.995349| 0.826533|
+----+---------+---------+
|  18| 0.995028|  0.78137|
+----+---------+---------+
|  19| 0.995028| 0.821144|
+----+---------+---------+
|  20| 0.995028| 0.794714|
+----+---------+---------+
|  21| 0.995028| 0.785219|
+----+---------+---------+
|  22| 0.995028| 0.751604|
+----+---------+---------+
|  23| 0.995028|  0.75494|
+----+---------+---------+
|  24| 0.995028| 0.758789|
+----+---------+---------+
|  25| 0.995188| 0.760072|
+----+---------+---------+
|  26| 0.995028| 0.729792|
+----+---------+---------+
|  27| 0.995028|  0.72543|
+----+---------+---------+
|  28| 0.995028| 0.706184|
+----+---------+---------+
|  29| 0.995028| 0.691686|
+----+---------+---------+
|  30| 0.995188| 0.687837|
+----+---------+---------+
|  31| 0.995509| 0.651399|
+----+---------+---------+
|  32| 0.995028|  0.62176|
+----+---------+---------+
|  33| 0.995028| 0.615473|
+----+---------+---------+
|  34| 0.995349| 0.619579|
+----+---------+---------+
|  35| 0.995028| 0.610341|
+----+---------+---------+
|  36| 0.995028| 0.605722|
+----+---------+---------+
|  37| 0.995028| 0.573646|
+----+---------+---------+
|  38| 0.995028| 0.559918|
+----+---------+---------+
|  39| 0.995028| 0.564537|
+----+---------+---------+
|  40| 0.995028|  0.54914|
+----+---------+---------+
|  41| 0.995028| 0.534257|
+----+---------+---------+
|  42| 0.995028| 0.525276|
+----+---------+---------+
|  43| 0.995028| 0.500128|
+----+---------+---------+
|  44| 0.995188|  0.52117|
+----+---------+---------+
|  45| 0.995028| 0.516936|
+----+---------+---------+
|  46| 0.995028| 0.474211|
+----+---------+---------+
END>
Training until now has taken 0 days 7 hours 19 minutes 58 seconds.